  onlinePong.cpp
H:\projects\online_pong\onlinePong\onlinePong\onlinePong.cpp(336,31): warning C4244: =: преобразование "float" в "int", возможна потеря данных
H:\projects\online_pong\onlinePong\onlinePong\onlinePong.cpp(337,31): warning C4244: =: преобразование "float" в "int", возможна потеря данных
H:\projects\online_pong\onlinePong\onlinePong\onlinePong.cpp(338,35): warning C4244: =: преобразование "float" в "int", возможна потеря данных
H:\projects\online_pong\onlinePong\onlinePong\onlinePong.cpp(339,35): warning C4244: =: преобразование "float" в "int", возможна потеря данных
H:\projects\online_pong\onlinePong\onlinePong\onlinePong.cpp(378,26): warning C4244: =: преобразование "int" в "float", возможна потеря данных
H:\projects\online_pong\onlinePong\onlinePong\onlinePong.cpp(379,26): warning C4244: =: преобразование "int" в "float", возможна потеря данных
H:\projects\online_pong\onlinePong\onlinePong\onlinePong.cpp(382,26): warning C4244: =: преобразование "float" в "int", возможна потеря данных
H:\projects\online_pong\onlinePong\onlinePong\onlinePong.cpp(383,26): warning C4244: =: преобразование "float" в "int", возможна потеря данных
H:\projects\online_pong\onlinePong\onlinePong\onlinePong.cpp(415,27): warning C4244: =: преобразование "int" в "float", возможна потеря данных
H:\projects\online_pong\onlinePong\onlinePong\onlinePong.cpp(416,27): warning C4244: =: преобразование "int" в "float", возможна потеря данных
H:\projects\online_pong\onlinePong\onlinePong\onlinePong.cpp(417,27): warning C4244: =: преобразование "int" в "float", возможна потеря данных
H:\projects\online_pong\onlinePong\onlinePong\onlinePong.cpp(418,27): warning C4244: =: преобразование "int" в "float", возможна потеря данных
H:\projects\online_pong\onlinePong\onlinePong\onlinePong.cpp(111,9): warning C4101: id: неиспользованная локальная переменная
C:\Program Files (x86)\Microsoft Visual Studio\2019\Community\VC\Tools\MSVC\14.26.28801\include\thread(43,14): error C2672: "std::invoke": не найдена соответствующая перегруженная функция
C:\Program Files (x86)\Microsoft Visual Studio\2019\Community\VC\Tools\MSVC\14.26.28801\include\thread(49): message : выполняется компиляция ссылки на экземпляр шаблон функции "unsigned int std::thread::_Invoke<_Tuple,0>(void *) noexcept"
          with
          [
              _Tuple=_Tuple
          ]
C:\Program Files (x86)\Microsoft Visual Studio\2019\Community\VC\Tools\MSVC\14.26.28801\include\thread(55): message : выполняется компиляция ссылки на экземпляр шаблон функции "unsigned int (__stdcall *std::thread::_Get_invoke<_Tuple,0>(std::integer_sequence<size_t,0>) noexcept)(void *)"
H:\projects\online_pong\onlinePong\onlinePong\onlinePong.cpp(280): message : выполняется компиляция ссылки на экземпляр шаблон функции "std::thread::thread<void(__cdecl &)(Socket *),,0>(_Fn)"
          with
          [
              _Fn=void (__cdecl &)(Socket *)
          ]
C:\Program Files (x86)\Microsoft Visual Studio\2019\Community\VC\Tools\MSVC\14.26.28801\include\thread(39,5): error C2893: Сбой при специализации функции-шаблона "unknown-type std::invoke(_Callable &&,_Types &&...) noexcept(<expr>)".
C:\Program Files (x86)\Microsoft Visual Studio\2019\Community\VC\Tools\MSVC\14.26.28801\include\type_traits(1612): message : см. объявление "std::invoke"
C:\Program Files (x86)\Microsoft Visual Studio\2019\Community\VC\Tools\MSVC\14.26.28801\include\thread(39,5): message : Со следующими аргументами шаблона:
C:\Program Files (x86)\Microsoft Visual Studio\2019\Community\VC\Tools\MSVC\14.26.28801\include\thread(39,5): message : "_Callable=void (__cdecl *)(Socket *)"
C:\Program Files (x86)\Microsoft Visual Studio\2019\Community\VC\Tools\MSVC\14.26.28801\include\thread(39,5): message : "_Types={}"
